<?xml version="1.0" encoding="UTF-8"?>
<!-- Generated by org.testng.reporters.JUnitXMLReporter -->
<testsuite hostname="DESKTOP-0VU0TA3" ignored="0" name="Run on FIREFOX" tests="2" failures="0" timestamp="11 Jul 2021 02:15:46 GMT" time="10.916" errors="0">
  <testcase name="@BeforeClass initBrowser" time="10.478" classname="com.nopcommerce.login.Level_18_Sorting_Product_Run_Multiple_Environment">
    <failure type="org.openqa.selenium.WebDriverException" message="TypeError: browsingContextFn().currentWindowGlobal is null
Build info: version: &amp;apos;3.141.59&amp;apos;, revision: &amp;apos;e82be7d358&amp;apos;, time: &amp;apos;2018-11-14T08:17:03&amp;apos;
System info: host: &amp;apos;DESKTOP-0VU0TA3&amp;apos;, ip: &amp;apos;192.168.1.14&amp;apos;, os.name: &amp;apos;Windows 10&amp;apos;, os.arch: &amp;apos;amd64&amp;apos;, os.version: &amp;apos;10.0&amp;apos;, java.version: &amp;apos;1.8.0_271&amp;apos;
Driver info: org.openqa.selenium.firefox.FirefoxDriver
Capabilities {acceptInsecureCerts: true, browserName: firefox, browserVersion: 87.0, javascriptEnabled: true, moz:accessibilityChecks: false, moz:buildID: 20210318103112, moz:geckodriverVersion: 0.29.0, moz:headless: false, moz:processID: 1496, moz:profile: C:\Users\MienDT\AppData\Loc..., moz:shutdownTimeout: 60000, moz:useNonSpecCompliantPointerOrigin: false, moz:webdriverClick: true, pageLoadStrategy: normal, platform: WINDOWS, platformName: WINDOWS, platformVersion: 10.0, rotatable: false, setWindowRect: true, strictFileInteractability: false, timeouts: {implicit: 0, pageLoad: 300000, script: 30000}, unhandledPromptBehavior: dismiss and notify}
Session ID: 96119407-15ec-462c-af4a-5e990de777d8
*** Element info: {Using=xpath, value=//ul[@class=&amp;apos;top-menu notmobile&amp;apos;]//a[normalize-space(text())=&amp;apos;Computers&amp;apos;]}">
      <![CDATA[org.openqa.selenium.WebDriverException: TypeError: browsingContextFn().currentWindowGlobal is null
Build info: version: '3.141.59', revision: 'e82be7d358', time: '2018-11-14T08:17:03'
System info: host: 'DESKTOP-0VU0TA3', ip: '192.168.1.14', os.name: 'Windows 10', os.arch: 'amd64', os.version: '10.0', java.version: '1.8.0_271'
Driver info: org.openqa.selenium.firefox.FirefoxDriver
Capabilities {acceptInsecureCerts: true, browserName: firefox, browserVersion: 87.0, javascriptEnabled: true, moz:accessibilityChecks: false, moz:buildID: 20210318103112, moz:geckodriverVersion: 0.29.0, moz:headless: false, moz:processID: 1496, moz:profile: C:\Users\MienDT\AppData\Loc..., moz:shutdownTimeout: 60000, moz:useNonSpecCompliantPointerOrigin: false, moz:webdriverClick: true, pageLoadStrategy: normal, platform: WINDOWS, platformName: WINDOWS, platformVersion: 10.0, rotatable: false, setWindowRect: true, strictFileInteractability: false, timeouts: {implicit: 0, pageLoad: 300000, script: 30000}, unhandledPromptBehavior: dismiss and notify}
Session ID: 96119407-15ec-462c-af4a-5e990de777d8
*** Element info: {Using=xpath, value=//ul[@class='top-menu notmobile']//a[normalize-space(text())='Computers']}
at org.openqa.selenium.remote.http.W3CHttpResponseCodec.createException(W3CHttpResponseCodec.java:187)
at org.openqa.selenium.remote.http.W3CHttpResponseCodec.decode(W3CHttpResponseCodec.java:122)
at org.openqa.selenium.remote.http.W3CHttpResponseCodec.decode(W3CHttpResponseCodec.java:49)
at org.openqa.selenium.remote.HttpCommandExecutor.execute(HttpCommandExecutor.java:158)
at org.openqa.selenium.remote.service.DriverCommandExecutor.execute(DriverCommandExecutor.java:83)
at org.openqa.selenium.remote.RemoteWebDriver.execute(RemoteWebDriver.java:552)
at org.openqa.selenium.remote.RemoteWebDriver.findElement(RemoteWebDriver.java:323)
at org.openqa.selenium.remote.RemoteWebDriver.findElementByXPath(RemoteWebDriver.java:428)
at org.openqa.selenium.By$ByXPath.findElement(By.java:353)
at org.openqa.selenium.remote.RemoteWebDriver.findElement(RemoteWebDriver.java:315)
at org.openqa.selenium.support.ui.ExpectedConditions$7.apply(ExpectedConditions.java:205)
at org.openqa.selenium.support.ui.ExpectedConditions$7.apply(ExpectedConditions.java:201)
at org.openqa.selenium.support.ui.FluentWait.until(FluentWait.java:249)
at commons.BasePage.waitForElementVisible(BasePage.java:463)
at pageObjects.user.nopCommerce.HomePageObject.openSubmenuByMenuName(HomePageObject.java:40)
at com.nopcommerce.login.Level_18_Sorting_Product_Run_Multiple_Environment.initBrowser(Level_18_Sorting_Product_Run_Multiple_Environment.java:34)
... Removed 34 stack frames]]>
    </failure>
  </testcase> <!-- @BeforeClass initBrowser -->
  <testcase name="@AfterClass afterClass" time="0.0" classname="com.nopcommerce.login.Level_18_Sorting_Product_Run_Multiple_Environment">
    <skipped/>
  </testcase> <!-- @AfterClass afterClass -->
  <testcase name="Sorting_01_Sort_By_Product_Name" time="0.0" classname="com.nopcommerce.login.Level_18_Sorting_Product_Run_Multiple_Environment">
    <skipped/>
  </testcase> <!-- Sorting_01_Sort_By_Product_Name -->
  <testcase name="Sorting_02_Sort_By_Price" time="0.0" classname="com.nopcommerce.login.Level_18_Sorting_Product_Run_Multiple_Environment">
    <skipped/>
  </testcase> <!-- Sorting_02_Sort_By_Price -->
</testsuite> <!-- Run on FIREFOX -->
