<?xml version="1.0" encoding="UTF-8"?>
<testsuite xmlns:xsi="http://www.w3.org/2001/XMLSchema-instance" xsi:noNamespaceSchemaLocation="https://maven.apache.org/surefire/maven-surefire-plugin/xsd/surefire-test-report.xsd" name="TestSuite" time="13.673" tests="4" errors="0" skipped="3" failures="1">
  <properties>
[...]
</properties>
  <testcase name="initBrowser" classname="com.nopcommerce.login.Level_18_Sorting_Product_Run_Multiple_Environment" time="12.307">
    <failure message="TypeError: browsingContextFn().currentWindowGlobal is null&#10;Build info: version: &apos;3.141.59&apos;, revision: &apos;e82be7d358&apos;, time: &apos;2018-11-14T08:17:03&apos;&#10;System info: host: &apos;DESKTOP-0VU0TA3&apos;, ip: &apos;192.168.1.14&apos;, os.name: &apos;Windows 10&apos;, os.arch: &apos;amd64&apos;, os.version: &apos;10.0&apos;, java.version: &apos;1.8.0_271&apos;&#10;Driver info: org.openqa.selenium.firefox.FirefoxDriver&#10;Capabilities {acceptInsecureCerts: true, browserName: firefox, browserVersion: 87.0, javascriptEnabled: true, moz:accessibilityChecks: false, moz:buildID: 20210318103112, moz:geckodriverVersion: 0.29.0, moz:headless: false, moz:processID: 1496, moz:profile: C:\Users\MienDT\AppData\Loc..., moz:shutdownTimeout: 60000, moz:useNonSpecCompliantPointerOrigin: false, moz:webdriverClick: true, pageLoadStrategy: normal, platform: WINDOWS, platformName: WINDOWS, platformVersion: 10.0, rotatable: false, setWindowRect: true, strictFileInteractability: false, timeouts: {implicit: 0, pageLoad: 300000, script: 30000}, unhandledPromptBehavior: dismiss and notify}&#10;Session ID: 96119407-15ec-462c-af4a-5e990de777d8&#10;*** Element info: {Using=xpath, value=//ul[@class=&apos;top-menu notmobile&apos;]//a[normalize-space(text())=&apos;Computers&apos;]}" type="org.openqa.selenium.WebDriverException">org.openqa.selenium.WebDriverException: 
TypeError: browsingContextFn().currentWindowGlobal is null
Build info: version: '3.141.59', revision: 'e82be7d358', time: '2018-11-14T08:17:03'
System info: host: 'DESKTOP-0VU0TA3', ip: '192.168.1.14', os.name: 'Windows 10', os.arch: 'amd64', os.version: '10.0', java.version: '1.8.0_271'
Driver info: org.openqa.selenium.firefox.FirefoxDriver
Capabilities {acceptInsecureCerts: true, browserName: firefox, browserVersion: 87.0, javascriptEnabled: true, moz:accessibilityChecks: false, moz:buildID: 20210318103112, moz:geckodriverVersion: 0.29.0, moz:headless: false, moz:processID: 1496, moz:profile: C:\Users\MienDT\AppData\Loc..., moz:shutdownTimeout: 60000, moz:useNonSpecCompliantPointerOrigin: false, moz:webdriverClick: true, pageLoadStrategy: normal, platform: WINDOWS, platformName: WINDOWS, platformVersion: 10.0, rotatable: false, setWindowRect: true, strictFileInteractability: false, timeouts: {implicit: 0, pageLoad: 300000, script: 30000}, unhandledPromptBehavior: dismiss and notify}
Session ID: 96119407-15ec-462c-af4a-5e990de777d8
*** Element info: {Using=xpath, value=//ul[@class='top-menu notmobile']//a[normalize-space(text())='Computers']}
	at com.nopcommerce.login.Level_18_Sorting_Product_Run_Multiple_Environment.initBrowser(Level_18_Sorting_Product_Run_Multiple_Environment.java:34)
</failure>
    <system-out><![CDATA[[TestNGContentHandler] [WARN] It is strongly recommended to add "<!DOCTYPE suite SYSTEM "http://testng.org/testng-1.0.dtd" >" at the top of your file, otherwise TestNG may fail or not work as expected.
---------- Run on FIREFOX STARTED test ----------
---------- START delete file in folder ----------
---------- END delete file in folder ----------
[INFO ] [2021-07-11 10:15:35,340] Pre-condition: Initial browser driver
Driver Web Home: FirefoxDriver: firefox on WINDOWS (96119407-15ec-462c-af4a-5e990de777d8)
]]></system-out>
    <system-err><![CDATA[SLF4J: Failed to load class "org.slf4j.impl.StaticLoggerBinder".
SLF4J: Defaulting to no-operation (NOP) logger implementation
SLF4J: See http://www.slf4j.org/codes.html#StaticLoggerBinder for further details.
1625969736554	geckodriver	INFO	Listening on 127.0.0.1:1321
1625969737617	mozrunner::runner	INFO	Running command: "C:\\Program Files\\Mozilla Firefox\\firefox.exe" "--marionette" "-foreground" "-no-remote" "-profile" "C:\\Users\\MienDT\\AppData\\Local\\Temp\\rust_mozprofileinbpBw"
console.warn: SearchSettings: "get: No settings file exists, new profile?" (new Error("", "(unknown module)"))
1625969740690	Marionette	INFO	Listening on port 57746
1625969740827	Marionette	WARN	TLS certificate errors will be ignored for this session
Jul 11, 2021 10:15:40 AM org.openqa.selenium.remote.ProtocolHandshake createSession
INFO: Detected dialect: W3C
Marionette threw an error: TypeError: browsingContextFn().currentWindowGlobal is null
getMarionetteCommandsActorProxy/get/<@chrome://marionette/content/actors/MarionetteCommandsParent.jsm:331:29

1625969746046	Marionette	INFO	Stopped listening on port 57746
]]></system-err>
  </testcase>
  <testcase name="Sorting_01_Sort_By_Product_Name" classname="com.nopcommerce.login.Level_18_Sorting_Product_Run_Multiple_Environment" time="0">
    <skipped message="TypeError: browsingContextFn().currentWindowGlobal is null&#10;Build info: version: &apos;3.141.59&apos;, revision: &apos;e82be7d358&apos;, time: &apos;2018-11-14T08:17:03&apos;&#10;System info: host: &apos;DESKTOP-0VU0TA3&apos;, ip: &apos;192.168.1.14&apos;, os.name: &apos;Windows 10&apos;, os.arch: &apos;amd64&apos;, os.version: &apos;10.0&apos;, java.version: &apos;1.8.0_271&apos;&#10;Driver info: org.openqa.selenium.firefox.FirefoxDriver&#10;Capabilities {acceptInsecureCerts: true, browserName: firefox, browserVersion: 87.0, javascriptEnabled: true, moz:accessibilityChecks: false, moz:buildID: 20210318103112, moz:geckodriverVersion: 0.29.0, moz:headless: false, moz:processID: 1496, moz:profile: C:\Users\MienDT\AppData\Loc..., moz:shutdownTimeout: 60000, moz:useNonSpecCompliantPointerOrigin: false, moz:webdriverClick: true, pageLoadStrategy: normal, platform: WINDOWS, platformName: WINDOWS, platformVersion: 10.0, rotatable: false, setWindowRect: true, strictFileInteractability: false, timeouts: {implicit: 0, pageLoad: 300000, script: 30000}, unhandledPromptBehavior: dismiss and notify}&#10;Session ID: 96119407-15ec-462c-af4a-5e990de777d8&#10;*** Element info: {Using=xpath, value=//ul[@class=&apos;top-menu notmobile&apos;]//a[normalize-space(text())=&apos;Computers&apos;]}"/>
  </testcase>
  <testcase name="Sorting_02_Sort_By_Price" classname="com.nopcommerce.login.Level_18_Sorting_Product_Run_Multiple_Environment" time="0">
    <skipped message="TypeError: browsingContextFn().currentWindowGlobal is null&#10;Build info: version: &apos;3.141.59&apos;, revision: &apos;e82be7d358&apos;, time: &apos;2018-11-14T08:17:03&apos;&#10;System info: host: &apos;DESKTOP-0VU0TA3&apos;, ip: &apos;192.168.1.14&apos;, os.name: &apos;Windows 10&apos;, os.arch: &apos;amd64&apos;, os.version: &apos;10.0&apos;, java.version: &apos;1.8.0_271&apos;&#10;Driver info: org.openqa.selenium.firefox.FirefoxDriver&#10;Capabilities {acceptInsecureCerts: true, browserName: firefox, browserVersion: 87.0, javascriptEnabled: true, moz:accessibilityChecks: false, moz:buildID: 20210318103112, moz:geckodriverVersion: 0.29.0, moz:headless: false, moz:processID: 1496, moz:profile: C:\Users\MienDT\AppData\Loc..., moz:shutdownTimeout: 60000, moz:useNonSpecCompliantPointerOrigin: false, moz:webdriverClick: true, pageLoadStrategy: normal, platform: WINDOWS, platformName: WINDOWS, platformVersion: 10.0, rotatable: false, setWindowRect: true, strictFileInteractability: false, timeouts: {implicit: 0, pageLoad: 300000, script: 30000}, unhandledPromptBehavior: dismiss and notify}&#10;Session ID: 96119407-15ec-462c-af4a-5e990de777d8&#10;*** Element info: {Using=xpath, value=//ul[@class=&apos;top-menu notmobile&apos;]//a[normalize-space(text())=&apos;Computers&apos;]}"/>
    <system-out><![CDATA[---------- Sorting_01_Sort_By_Product_Name SKIPPED test ----------
]]></system-out>
  </testcase>
  <testcase name="afterClass" classname="com.nopcommerce.login.Level_18_Sorting_Product_Run_Multiple_Environment" time="0">
    <skipped/>
    <system-out><![CDATA[---------- Sorting_02_Sort_By_Price SKIPPED test ----------
]]></system-out>
  </testcase>
</testsuite>